<?xml version="1.0" encoding="UTF-8"?>
<!-- Generated by org.testng.reporters.JUnitReportReporter -->
<testsuite hostname="LAPTOP-4CU33POQ" failures="0" tests="5" name="com.facebook23_loginTestWithPageFactory.PageFactoryRegistrationTest" time="13.341" errors="0" timestamp="2023-02-10T07:45:18 EST" skipped="0">
  <testcase classname="com.facebook23_loginTestWithPageFactory.PageFactoryRegistrationTest" name="regressionSignupNewAccount" time="2.750"/>
  <system-out/>
  <testcase classname="com.facebook23_loginTestWithPageFactory.PageFactoryRegistrationTest" name="hello" time="2.301"/>
  <system-out/>
  <testcase classname="com.facebook23_loginTestWithPageFactory.PageFactoryRegistrationTest" name="regressionSignupNewAccount1" time="2.589"/>
  <system-out/>
  <testcase classname="com.facebook23_loginTestWithPageFactory.PageFactoryRegistrationTest" name="signupNewAccount" time="2.545"/>
  <system-out/>
  <testcase classname="com.facebook23_loginTestWithPageFactory.PageFactoryRegistrationTest" name="signupNewAccount1" time="3.156"/>
  <system-out/>
</testsuite> <!-- com.facebook23_loginTestWithPageFactory.PageFactoryRegistrationTest -->
