<?xml version="1.0" encoding="UTF-8"?>
<!-- Generated by org.testng.reporters.JUnitReportReporter -->
<testsuite hostname="LAPTOP-4CU33POQ" failures="0" tests="5" name="com.facebook23_loginTestWithPageFactory.PageFactoryRegistrationTest" time="12.584" errors="0" timestamp="2023-02-07T21:53:00 EST" skipped="0">
  <testcase classname="com.facebook23_loginTestWithPageFactory.PageFactoryRegistrationTest" name="hello" time="2.361"/>
  <system-out/>
  <testcase classname="com.facebook23_loginTestWithPageFactory.PageFactoryRegistrationTest" name="signupNewAccount" time="2.536"/>
  <system-out/>
  <testcase classname="com.facebook23_loginTestWithPageFactory.PageFactoryRegistrationTest" name="signupNewAccount1" time="2.617"/>
  <system-out/>
  <testcase classname="com.facebook23_loginTestWithPageFactory.PageFactoryRegistrationTest" name="regressionSignupNewAccount" time="2.412"/>
  <system-out/>
  <testcase classname="com.facebook23_loginTestWithPageFactory.PageFactoryRegistrationTest" name="regressionSignupNewAccount1" time="2.658"/>
  <system-out/>
</testsuite> <!-- com.facebook23_loginTestWithPageFactory.PageFactoryRegistrationTest -->
