<?xml version="1.0" encoding="UTF-8"?>
<!-- Generated by org.testng.reporters.JUnitReportReporter -->
<testsuite hostname="LAPTOP-4CU33POQ" failures="0" tests="1" name="com.facebook23_loginTest.LoginPageWithVariablesTest" time="2.605" errors="0" timestamp="2023-01-27T22:50:51 EST" skipped="0">
  <testcase classname="com.facebook23_loginTest.LoginPageWithVariablesTest" name="boundaryLoginTest" time="2.605"/>
  <system-out/>
</testsuite> <!-- com.facebook23_loginTest.LoginPageWithVariablesTest -->
