<?xml version="1.0" encoding="UTF-8"?>
<!-- Generated by org.testng.reporters.JUnitReportReporter -->
<testsuite hostname="LAPTOP-4CU33POQ" failures="0" tests="1" name="com.facebook23.TestNGTest" time="0.010" errors="0" timestamp="2023-02-03T15:41:37 EST" skipped="0">
  <testcase classname="com.facebook23.TestNGTest" name="HelloTest" time="0.010"/>
  <system-out/>
</testsuite> <!-- com.facebook23.TestNGTest -->
