<?xml version="1.0" encoding="UTF-8"?>
<!-- Generated by org.testng.reporters.JUnitReportReporter -->
<testsuite hostname="LAPTOP-4CU33POQ" failures="0" tests="2" name="com.facebook23_loginTest.LoginTest" time="3.828" errors="0" timestamp="2023-02-04T14:10:04 EST" skipped="0">
  <testcase classname="com.facebook23_loginTest.LoginTest" name="validLoginTest1" time="2.288"/>
  <system-out/>
  <testcase classname="com.facebook23_loginTest.LoginTest" name="validLoginTest2" time="1.540"/>
  <system-out/>
</testsuite> <!-- com.facebook23_loginTest.LoginTest -->
