<?xml version="1.0" encoding="UTF-8"?>
<!-- Generated by org.testng.reporters.JUnitReportReporter -->
<testsuite hostname="LAPTOP-4CU33POQ" failures="0" tests="2" name="com.facebook23_FindElements.LoginTest" time="11.430" errors="0" timestamp="2023-02-09T23:07:18 EST" skipped="0">
  <testcase classname="com.facebook23_FindElements.LoginTest" name="validLoginTest" time="11.281"/>
  <system-out/>
  <testcase classname="com.facebook23_FindElements.LoginTest" name="inValidLoginTest" time="0.149"/>
  <system-out/>
</testsuite> <!-- com.facebook23_FindElements.LoginTest -->
