<?xml version="1.0" encoding="UTF-8"?>
<!-- Generated by org.testng.reporters.JUnitReportReporter -->
<testsuite hostname="LAPTOP-4CU33POQ" failures="0" tests="3" name="com.facebook23_loginTestWithPageFactory.PageFactoryLoginTest" time="5.785" errors="0" timestamp="2023-02-10T07:45:18 EST" skipped="0">
  <testcase classname="com.facebook23_loginTestWithPageFactory.PageFactoryLoginTest" name="validUserNameTest" time="1.853"/>
  <system-out/>
  <testcase classname="com.facebook23_loginTestWithPageFactory.PageFactoryLoginTest" name="validPasswordTest" time="1.862"/>
  <system-out/>
  <testcase classname="com.facebook23_loginTestWithPageFactory.PageFactoryLoginTest" name="doLoginTest" time="2.070"/>
  <system-out/>
</testsuite> <!-- com.facebook23_loginTestWithPageFactory.PageFactoryLoginTest -->
